  Client1.cpp
C:\work\lab\рб\Клиент-Сервер_прил\Client1\Client1.cpp(206,60): warning C4566: character represented by universal-character-name '\u041F' cannot be represented in the current code page (1252)
C:\work\lab\рб\Клиент-Сервер_прил\Client1\Client1.cpp(206,60): warning C4566: character represented by universal-character-name '\u041E' cannot be represented in the current code page (1252)
C:\work\lab\рб\Клиент-Сервер_прил\Client1\Client1.cpp(206,60): warning C4566: character represented by universal-character-name '\u041B' cannot be represented in the current code page (1252)
C:\work\lab\рб\Клиент-Сервер_прил\Client1\Client1.cpp(206,60): warning C4566: character represented by universal-character-name '\u0423' cannot be represented in the current code page (1252)
C:\work\lab\рб\Клиент-Сервер_прил\Client1\Client1.cpp(206,60): warning C4566: character represented by universal-character-name '\u0427' cannot be represented in the current code page (1252)
C:\work\lab\рб\Клиент-Сервер_прил\Client1\Client1.cpp(206,60): warning C4566: character represented by universal-character-name '\u0415' cannot be represented in the current code page (1252)
C:\work\lab\рб\Клиент-Сервер_прил\Client1\Client1.cpp(206,60): warning C4566: character represented by universal-character-name '\u041D' cannot be represented in the current code page (1252)
C:\work\lab\рб\Клиент-Сервер_прил\Client1\Client1.cpp(206,60): warning C4566: character represented by universal-character-name '\u0422' cannot be represented in the current code page (1252)
C:\work\lab\рб\Клиент-Сервер_прил\Client1\Client1.cpp(206,60): warning C4566: character represented by universal-character-name '\u041A' cannot be represented in the current code page (1252)
C:\work\lab\рб\Клиент-Сервер_прил\Client1\Client1.cpp(206,60): warning C4566: character represented by universal-character-name '\u0429' cannot be represented in the current code page (1252)
C:\work\lab\рб\Клиент-Сервер_прил\Client1\Client1.cpp(206,60): warning C4566: character represented by universal-character-name '\u0417' cannot be represented in the current code page (1252)
C:\work\lab\рб\Клиент-Сервер_прил\Client1\Client1.cpp(206,60): warning C4566: character represented by universal-character-name '\u0410' cannot be represented in the current code page (1252)
C:\work\lab\рб\Клиент-Сервер_прил\Client1\Client1.cpp(206,60): warning C4566: character represented by universal-character-name '\u0418' cannot be represented in the current code page (1252)
C:\work\lab\рб\Клиент-Сервер_прил\Client1\Client1.cpp(206,60): warning C4566: character represented by universal-character-name '\u0421' cannot be represented in the current code page (1252)
C:\work\lab\рб\Клиент-Сервер_прил\Client1\Client1.cpp(206,60): warning C4566: character represented by universal-character-name '\u0425' cannot be represented in the current code page (1252)
C:\work\lab\рб\Клиент-Сервер_прил\Client1\Client1.cpp(206,60): warning C4566: character represented by universal-character-name '\u0420' cannot be represented in the current code page (1252)
C:\work\lab\рб\Клиент-Сервер_прил\Client1\Client1.cpp(206,60): warning C4566: character represented by universal-character-name '\u0426' cannot be represented in the current code page (1252)
C:\work\lab\рб\Клиент-Сервер_прил\Client1\Client1.cpp(206,60): warning C4566: character represented by universal-character-name '\u042C' cannot be represented in the current code page (1252)
C:\work\lab\рб\Клиент-Сервер_прил\Client1\Client1.cpp(207,28): warning C4566: character represented by universal-character-name '\u0423' cannot be represented in the current code page (1252)
C:\work\lab\рб\Клиент-Сервер_прил\Client1\Client1.cpp(207,28): warning C4566: character represented by universal-character-name '\u0421' cannot be represented in the current code page (1252)
C:\work\lab\рб\Клиент-Сервер_прил\Client1\Client1.cpp(207,28): warning C4566: character represented by universal-character-name '\u0422' cannot be represented in the current code page (1252)
C:\work\lab\рб\Клиент-Сервер_прил\Client1\Client1.cpp(207,28): warning C4566: character represented by universal-character-name '\u0410' cannot be represented in the current code page (1252)
C:\work\lab\рб\Клиент-Сервер_прил\Client1\Client1.cpp(207,28): warning C4566: character represented by universal-character-name '\u041D' cannot be represented in the current code page (1252)
C:\work\lab\рб\Клиент-Сервер_прил\Client1\Client1.cpp(207,28): warning C4566: character represented by universal-character-name '\u041E' cannot be represented in the current code page (1252)
C:\work\lab\рб\Клиент-Сервер_прил\Client1\Client1.cpp(207,28): warning C4566: character represented by universal-character-name '\u0412' cannot be represented in the current code page (1252)
C:\work\lab\рб\Клиент-Сервер_прил\Client1\Client1.cpp(207,28): warning C4566: character represented by universal-character-name '\u041B' cannot be represented in the current code page (1252)
C:\work\lab\рб\Клиент-Сервер_прил\Client1\Client1.cpp(207,28): warning C4566: character represented by universal-character-name '\u0415' cannot be represented in the current code page (1252)
C:\work\lab\рб\Клиент-Сервер_прил\Client1\Client1.cpp(207,28): warning C4566: character represented by universal-character-name '\u041A' cannot be represented in the current code page (1252)
C:\work\lab\рб\Клиент-Сервер_прил\Client1\Client1.cpp(207,28): warning C4566: character represented by universal-character-name '\u0429' cannot be represented in the current code page (1252)
C:\work\lab\рб\Клиент-Сервер_прил\Client1\Client1.cpp(207,28): warning C4566: character represented by universal-character-name '\u0417' cannot be represented in the current code page (1252)
C:\work\lab\рб\Клиент-Сервер_прил\Client1\Client1.cpp(207,28): warning C4566: character represented by universal-character-name '\u0427' cannot be represented in the current code page (1252)
C:\work\lab\рб\Клиент-Сервер_прил\Client1\Client1.cpp(207,28): warning C4566: character represented by universal-character-name '\u0418' cannot be represented in the current code page (1252)
C:\work\lab\рб\Клиент-Сервер_прил\Client1\Client1.cpp(207,28): warning C4566: character represented by universal-character-name '\u0425' cannot be represented in the current code page (1252)
C:\work\lab\рб\Клиент-Сервер_прил\Client1\Client1.cpp(207,28): warning C4566: character represented by universal-character-name '\u0420' cannot be represented in the current code page (1252)
C:\work\lab\рб\Клиент-Сервер_прил\Client1\Client1.cpp(207,28): warning C4566: character represented by universal-character-name '\u0426' cannot be represented in the current code page (1252)
C:\work\lab\рб\Клиент-Сервер_прил\Client1\Client1.cpp(207,28): warning C4566: character represented by universal-character-name '\u042C' cannot be represented in the current code page (1252)
C:\work\lab\рб\Клиент-Сервер_прил\Client1\Client1.cpp(216,11): warning C4566: character represented by universal-character-name '\u0421' cannot be represented in the current code page (1252)
C:\work\lab\рб\Клиент-Сервер_прил\Client1\Client1.cpp(216,11): warning C4566: character represented by universal-character-name '\u0440' cannot be represented in the current code page (1252)
C:\work\lab\рб\Клиент-Сервер_прил\Client1\Client1.cpp(216,11): warning C4566: character represented by universal-character-name '\u0435' cannot be represented in the current code page (1252)
C:\work\lab\рб\Клиент-Сервер_прил\Client1\Client1.cpp(216,11): warning C4566: character represented by universal-character-name '\u0434' cannot be represented in the current code page (1252)
C:\work\lab\рб\Клиент-Сервер_прил\Client1\Client1.cpp(216,11): warning C4566: character represented by universal-character-name '\u043D' cannot be represented in the current code page (1252)
C:\work\lab\рб\Клиент-Сервер_прил\Client1\Client1.cpp(216,11): warning C4566: character represented by universal-character-name '\u044F' cannot be represented in the current code page (1252)
C:\work\lab\рб\Клиент-Сервер_прил\Client1\Client1.cpp(216,11): warning C4566: character represented by universal-character-name '\u043A' cannot be represented in the current code page (1252)
C:\work\lab\рб\Клиент-Сервер_прил\Client1\Client1.cpp(216,11): warning C4566: character represented by universal-character-name '\u043E' cannot be represented in the current code page (1252)
C:\work\lab\рб\Клиент-Сервер_прил\Client1\Client1.cpp(216,11): warning C4566: character represented by universal-character-name '\u0446' cannot be represented in the current code page (1252)
C:\work\lab\рб\Клиент-Сервер_прил\Client1\Client1.cpp(216,11): warning C4566: character represented by universal-character-name '\u0438' cannot be represented in the current code page (1252)
  Client1.vcxproj -> C:\work\lab\рб\Клиент-Сервер_прил\Client1\Debug\Client1.exe
